{"numTotalTestSuites":16,"numPassedTestSuites":14,"numFailedTestSuites":2,"numPendingTestSuites":0,"numTotalTests":42,"numPassedTests":40,"numFailedTests":2,"numPendingTests":0,"numTodoTests":0,"snapshot":{"added":0,"failure":false,"filesAdded":0,"filesRemoved":0,"filesRemovedList":[],"filesUnmatched":0,"filesUpdated":0,"matched":0,"total":0,"unchecked":0,"uncheckedKeysByFile":[],"unmatched":0,"updated":0,"didUpdate":false},"startTime":1776415473198,"success":false,"testResults":[{"assertionResults":[{"ancestorTitles":["AdminBookingDetailPage"],"fullName":"AdminBookingDetailPage redirects to login when the admin session returns 401","status":"passed","title":"redirects to login when the admin session returns 401","duration":53.32526400000006,"failureMessages":[],"meta":{}},{"ancestorTitles":["AdminBookingDetailPage"],"fullName":"AdminBookingDetailPage shows a readable error when booking detail loading fails for non-auth reasons","status":"passed","title":"shows a readable error when booking detail loading fails for non-auth reasons","duration":15.227398999999878,"failureMessages":[],"meta":{}},{"ancestorTitles":["AdminBookingDetailPage"],"fullName":"AdminBookingDetailPage updates status successfully and clears previous errors","status":"passed","title":"updates status successfully and clears previous errors","duration":239.77248599999984,"failureMessages":[],"meta":{}},{"ancestorTitles":["AdminBookingDetailPage"],"fullName":"AdminBookingDetailPage marks the balance as paid and shows coherent feedback","status":"failed","title":"marks the balance as paid and shows coherent feedback","duration":1052.5293000000001,"failureMessages":["Error: Unable to find an element with the text: Saldo segnato come pagato al campo.. This could be because the text is broken up by multiple elements. In this case, you can provide a function for your text matcher to make your matcher more flexible.\n\nIgnored nodes: comments, script, style\n\u001b[36m<body>\u001b[39m\n  \u001b[36m<div>\u001b[39m\n    \u001b[36m<div\u001b[39m\n      \u001b[33mclass\u001b[39m=\u001b[32m\"min-h-screen px-4 py-6 sm:px-6 lg:px-8\"\u001b[39m\n    \u001b[36m>\u001b[39m\n      \u001b[36m<div\u001b[39m\n        \u001b[33mclass\u001b[39m=\u001b[32m\"page-shell space-y-6\"\u001b[39m\n      \u001b[36m>\u001b[39m\n        \u001b[36m<div\u001b[39m\n          \u001b[33mclass\u001b[39m=\u001b[32m\"flex items-center justify-between gap-3\"\u001b[39m\n        \u001b[36m>\u001b[39m\n          \u001b[36m<a\u001b[39m\n            \u001b[33mclass\u001b[39m=\u001b[32m\"btn-secondary\"\u001b[39m\n            \u001b[33mhref\u001b[39m=\u001b[32m\"/admin\"\u001b[39m\n          \u001b[36m>\u001b[39m\n            \u001b[36m<svg\u001b[39m\n              \u001b[33maria-hidden\u001b[39m=\u001b[32m\"true\"\u001b[39m\n              \u001b[33mclass\u001b[39m=\u001b[32m\"lucide lucide-arrow-left\"\u001b[39m\n              \u001b[33mfill\u001b[39m=\u001b[32m\"none\"\u001b[39m\n              \u001b[33mheight\u001b[39m=\u001b[32m\"16\"\u001b[39m\n              \u001b[33mstroke\u001b[39m=\u001b[32m\"currentColor\"\u001b[39m\n              \u001b[33mstroke-linecap\u001b[39m=\u001b[32m\"round\"\u001b[39m\n              \u001b[33mstroke-linejoin\u001b[39m=\u001b[32m\"round\"\u001b[39m\n              \u001b[33mstroke-width\u001b[39m=\u001b[32m\"2\"\u001b[39m\n              \u001b[33mviewBox\u001b[39m=\u001b[32m\"0 0 24 24\"\u001b[39m\n              \u001b[33mwidth\u001b[39m=\u001b[32m\"16\"\u001b[39m\n              \u001b[33mxmlns\u001b[39m=\u001b[32m\"http://www.w3.org/2000/svg\"\u001b[39m\n            \u001b[36m>\u001b[39m\n              \u001b[36m<path\u001b[39m\n                \u001b[33md\u001b[39m=\u001b[32m\"m12 19-7-7 7-7\"\u001b[39m\n              \u001b[36m/>\u001b[39m\n              \u001b[36m<path\u001b[39m\n                \u001b[33md\u001b[39m=\u001b[32m\"M19 12H5\"\u001b[39m\n              \u001b[36m/>\u001b[39m\n            \u001b[36m</svg>\u001b[39m\n            \u001b[0m Torna alla dashboard\u001b[0m\n          \u001b[36m</a>\u001b[39m\n        \u001b[36m</div>\u001b[39m\n        \u001b[36m<div\u001b[39m\n          \u001b[33mclass\u001b[39m=\u001b[32m\"grid gap-6 xl:grid-cols-[1fr_320px]\"\u001b[39m\n        \u001b[36m>\u001b[39m\n          \u001b[36m<section\u001b[39m\n            \u001b[33mclass\u001b[39m=\u001b[32m\"surface-card shadow-lift\"\u001b[39m\n          \u001b[36m>\u001b[39m\n            \u001b[36m<div\u001b[39m\n              \u001b[33mclass\u001b[39m=\u001b[32m\"flex flex-col gap-3 sm:flex-row sm:items-start sm:justify-between\"\u001b[39m\n            \u001b[36m>\u001b[39m\n              \u001b[36m<div>\u001b[39m\n                \u001b[36m<h2\u001b[39m\n                  \u001b[33mclass\u001b[39m=\u001b[32m\"section-title\"\u001b[39m\n                \u001b[36m>\u001b[39m\n                  \u001b[0mDettaglio prenotazione\u001b[0m\n                \u001b[36m</h2>\u001b[39m\n                \u001b[36m<p\u001b[39m\n                  \u001b[33mclass\u001b[39m=\u001b[32m\"mt-1 helper-text\"\u001b[39m\n                \u001b[36m>\u001b[39m\n                  \u001b[0mControlla dati cliente, stato e riferimenti pagamento.\u001b[0m\n                \u001b[36m</p>\u001b[39m\n              \u001b[36m</div>\u001b[39m\n              \u001b[36m<div\u001b[39m\n                \u001b[33mclass\u001b[39m=\u001b[32m\"shrink-0\"\u001b[39m\n              \u001b[36m>\u001b[39m\n                \u001b[36m<span\u001b[39m\n                  \u001b[33mclass\u001b[39m=\u001b[32m\"inline-flex rounded-full px-2.5 py-1 text-xs font-semibold bg-emerald-100 text-emerald-700\"\u001b[39m\n                \u001b[36m>\u001b[39m\n                  \u001b[0mConfermata\u001b[0m\n                \u001b[36m</span>\u001b[39m\n              \u001b[36m</div>\u001b[39m\n            \u001b[36m</div>\u001b[39m\n            \u001b[36m<div\u001b[39m\n              \u001b[33mclass\u001b[39m=\u001b[32m\"mt-5\"\u001b[39m\n            \u001b[36m>\u001b[39m\n              \u001b[36m<div\u001b[39m\n                \u001b[33mclass\u001b[39m=\u001b[32m\"grid gap-4 sm:grid-cols-2\"\u001b[39m\n              \u001b[36m>\u001b[39m\n                \u001b[36m<div\u001b[39m\n                  \u001b[33mclass\u001b[39m=\u001b[32m\"surface-muted\"\u001b[39m\n                \u001b[36m>\u001b[39m\n                  \u001b[36m<p\u001b[39m\n                    \u001b[33mclass\u001b[39m=\u001b[32m\"text-xs font-semibold uppercase tracking-[0.18em] text-slate-500\"\u001b[39m\n                  \u001b[36m>\u001b[39m\n                    \u001b[0mRiferimento\u001b[0m\n                  \u001b[36m</p>\u001b[39m\n                  \u001b[36m<p\u001b[39m\n                    \u001b[33mclass\u001b[39m=\u001b[32m\"mt-2 text-sm font-medium text-slate-900\"\u001b[39m\n                  \u001b[36m>\u001b[39m\n                    \u001b[0mPB-BOOK-001\u001b[0m\n                  \u001b[36m</p>\u001b[39m\n                \u001b[36m</div>\u001b[39m\n                \u001b[36m<div\u001b[39m\n                  \u001b[33mclass\u001b[39m=\u001b[32m\"surface-muted\"\u001b[39m\n                \u001b[36m>\u001b[39m\n                  \u001b[36m<p\u001b[39m\n                    \u001b[33mclass\u001b[39m=\u001b[32m\"text-xs font-semibold uppercase tracking-[0.18em] text-slate-500\"\u001b[39m\n                  \u001b[36m>\u001b[39m\n                    \u001b[0mDurata\u001b[0m\n                  \u001b[36m</p>\u001b[39m\n                  \u001b[36m<p\u001b[39m\n                    \u001b[33mclass\u001b[39m=\u001b[32m\"mt-2 text-sm font-medium text-slate-900\"\u001b[39m\n                  \u001b[36m>\u001b[39m\n                    \u001b[0m90 minuti\u001b[0m\n                  \u001b[36m</p>\u001b[39m\n                \u001b[36m</div>\u001b[39m\n                \u001b[36m<div\u001b[39m\n                  \u001b[33mclass\u001b[39m=\u001b[32m\"surface-muted\"\u001b[39m\n                \u001b[36m>\u001b[39m\n                  \u001b[36m<p\u001b[39m\n                    \u001b[33mclass\u001b[39m=\u001b[32m\"text-xs font-semibold uppercase tracking-[0.18em] text-slate-500\"\u001b[39m\n                  \u001b[36m>\u001b[39m\n                    \u001b[0mInizio\u001b[0m\n                  \u001b[36m</p>\u001b[39m\n                  \u001b[36m<p\u001b[39m\n                    \u001b[33mclass\u001b[39m=\u001b[32m\"mt-2 text-sm font-medium text-slate-900\"\u001b[39m\n                  \u001b[36m>\u001b[39m\n                    \u001b[0m16/04/2099, 16:00\u001b[0m\n                  \u001b[36m</p>\u001b[39m\n                \u001b[36m</div>\u001b[39m\n                \u001b[36m<div\u001b[39m\n                  \u001b[33mclass\u001b[39m=\u001b[32m\"surface-muted\"\u001b[39m\n                \u001b[36m>\u001b[39m\n                  \u001b[36m<p\u001b[39m\n                    \u001b[33mclass\u001b[39m=\u001b[32m\"text-xs font-semibold uppercase tracking-[0.18em] text-slate-500\"\u001b[39m\n                  \u001b[36m>\u001b[39m\n                    \u001b[0mFine\u001b[0m\n                  \u001b[36m</p>\u001b[39m\n                  \u001b[36m<p\u001b[39m\n                    \u001b[33mclass\u001b[39m=\u001b[32m\"mt-2 text-sm font-medium text-slate-900\"\u001b[39m\n                  \u001b[36m>\u001b[39m\n                    \u001b[0m16/04/2099, 17:30\u001b[0m\n                  \u001b[36m</p>\u001b[39m\n                \u001b[36m</div>\u001b[39m\n                \u001b[36m<div\u001b[39m\n                  \u001b[33mclass\u001b[39m=\u001b[32m\"surface-muted\"\u001b[39m\n                \u001b[36m>\u001b[39m\n                  \u001b[36m<p\u001b[39m\n                    \u001b[33mclass\u001b[39m=\u001b[32m\"text-xs font-semibold uppercase tracking-[0.18em] text-slate-500\"\u001b[39m\n                  \u001b[36m>\u001b[39m\n                    \u001b[0mCaparra\u001b[0m\n                  \u001b[36m</p>\u001b[39m\n                  \u001b[36m<p\u001b[39m\n                    \u001b[33mclass\u001b[39m=\u001b[32m\"mt-2 text-sm font-medium text-slate-900\"\u001b[39m\n                  \u001b[36m>\u001b[39m\n                    \u001b[0m20 €\u001b[0m\n                  \u001b[36m</p>\u001b[39m\n                \u001b[36m</div>\u001b[39m\n                \u001b[36m<div\u001b[39m\n                  \u001b[33mclass\u001b[39m=\u001b[32m\"surface-muted\"\u001b[39m\n                \u001b[36m>\u001b[39m\n                  \u001b[36m<p\u001b[39m\n                    \u001b[33mclass\u001b[39m=\u001b[32m\"text-xs font-semibold uppercase tracking-[0.18em] text-slate-500\"\u001b[39m\n                  \u001b[36m>\u001b[39m\n                    \u001b[0mPagamento\u001b[0m\n                  \u001b[36m</p>\u001b[39m\n                  \u001b[36m<p\u001b[39m\n                    \u001b[33mclass\u001b[39m=\u001b[32m\"mt-2 text-sm font-medium text-slate-900\"\u001b[39m\n                  \u001b[36m>\u001b[39m\n                    \u001b[0mSTRIPE • PAID\u001b[0m\n                  \u001b[36m</p>\u001b[39m\n                \u001b[36m</div>\u001b[39m\n                \u001b[36m<div\u001b[39m\n                  \u001b[33mclass\u001b[39m=\u001b[32m\"surface-muted\"\u001b[39m\n                \u001b[36m>\u001b[39m\n                  \u001b[36m<p\u001b[39m\n                    \u001b[33mclass\u001b[39m=\u001b[32m\"text-xs font-semibold uppercase tracking-[0.18em] text-slate...\n    at Proxy.waitForWrapper (/workspaces/PadelBooking/frontend/node_modules/@testing-library/dom/dist/wait-for.js:163:27)\n    at /workspaces/PadelBooking/frontend/src/pages/AdminBookingDetailPage.test.tsx:121:11\n    at file:///workspaces/PadelBooking/frontend/node_modules/@vitest/runner/dist/chunk-hooks.js:752:20"],"meta":{}},{"ancestorTitles":["AdminBookingDetailPage"],"fullName":"AdminBookingDetailPage shows backend errors when a booking action fails","status":"failed","title":"shows backend errors when a booking action fails","duration":1042.7139630000001,"failureMessages":["Error: Unable to find an element with the text: Saldo non registrato. This could be because the text is broken up by multiple elements. In this case, you can provide a function for your text matcher to make your matcher more flexible.\n\nIgnored nodes: comments, script, style\n\u001b[36m<body>\u001b[39m\n  \u001b[36m<div>\u001b[39m\n    \u001b[36m<div\u001b[39m\n      \u001b[33mclass\u001b[39m=\u001b[32m\"min-h-screen px-4 py-6 sm:px-6 lg:px-8\"\u001b[39m\n    \u001b[36m>\u001b[39m\n      \u001b[36m<div\u001b[39m\n        \u001b[33mclass\u001b[39m=\u001b[32m\"page-shell space-y-6\"\u001b[39m\n      \u001b[36m>\u001b[39m\n        \u001b[36m<div\u001b[39m\n          \u001b[33mclass\u001b[39m=\u001b[32m\"flex items-center justify-between gap-3\"\u001b[39m\n        \u001b[36m>\u001b[39m\n          \u001b[36m<a\u001b[39m\n            \u001b[33mclass\u001b[39m=\u001b[32m\"btn-secondary\"\u001b[39m\n            \u001b[33mhref\u001b[39m=\u001b[32m\"/admin\"\u001b[39m\n          \u001b[36m>\u001b[39m\n            \u001b[36m<svg\u001b[39m\n              \u001b[33maria-hidden\u001b[39m=\u001b[32m\"true\"\u001b[39m\n              \u001b[33mclass\u001b[39m=\u001b[32m\"lucide lucide-arrow-left\"\u001b[39m\n              \u001b[33mfill\u001b[39m=\u001b[32m\"none\"\u001b[39m\n              \u001b[33mheight\u001b[39m=\u001b[32m\"16\"\u001b[39m\n              \u001b[33mstroke\u001b[39m=\u001b[32m\"currentColor\"\u001b[39m\n              \u001b[33mstroke-linecap\u001b[39m=\u001b[32m\"round\"\u001b[39m\n              \u001b[33mstroke-linejoin\u001b[39m=\u001b[32m\"round\"\u001b[39m\n              \u001b[33mstroke-width\u001b[39m=\u001b[32m\"2\"\u001b[39m\n              \u001b[33mviewBox\u001b[39m=\u001b[32m\"0 0 24 24\"\u001b[39m\n              \u001b[33mwidth\u001b[39m=\u001b[32m\"16\"\u001b[39m\n              \u001b[33mxmlns\u001b[39m=\u001b[32m\"http://www.w3.org/2000/svg\"\u001b[39m\n            \u001b[36m>\u001b[39m\n              \u001b[36m<path\u001b[39m\n                \u001b[33md\u001b[39m=\u001b[32m\"m12 19-7-7 7-7\"\u001b[39m\n              \u001b[36m/>\u001b[39m\n              \u001b[36m<path\u001b[39m\n                \u001b[33md\u001b[39m=\u001b[32m\"M19 12H5\"\u001b[39m\n              \u001b[36m/>\u001b[39m\n            \u001b[36m</svg>\u001b[39m\n            \u001b[0m Torna alla dashboard\u001b[0m\n          \u001b[36m</a>\u001b[39m\n        \u001b[36m</div>\u001b[39m\n        \u001b[36m<div\u001b[39m\n          \u001b[33mclass\u001b[39m=\u001b[32m\"grid gap-6 xl:grid-cols-[1fr_320px]\"\u001b[39m\n        \u001b[36m>\u001b[39m\n          \u001b[36m<section\u001b[39m\n            \u001b[33mclass\u001b[39m=\u001b[32m\"surface-card shadow-lift\"\u001b[39m\n          \u001b[36m>\u001b[39m\n            \u001b[36m<div\u001b[39m\n              \u001b[33mclass\u001b[39m=\u001b[32m\"flex flex-col gap-3 sm:flex-row sm:items-start sm:justify-between\"\u001b[39m\n            \u001b[36m>\u001b[39m\n              \u001b[36m<div>\u001b[39m\n                \u001b[36m<h2\u001b[39m\n                  \u001b[33mclass\u001b[39m=\u001b[32m\"section-title\"\u001b[39m\n                \u001b[36m>\u001b[39m\n                  \u001b[0mDettaglio prenotazione\u001b[0m\n                \u001b[36m</h2>\u001b[39m\n                \u001b[36m<p\u001b[39m\n                  \u001b[33mclass\u001b[39m=\u001b[32m\"mt-1 helper-text\"\u001b[39m\n                \u001b[36m>\u001b[39m\n                  \u001b[0mControlla dati cliente, stato e riferimenti pagamento.\u001b[0m\n                \u001b[36m</p>\u001b[39m\n              \u001b[36m</div>\u001b[39m\n              \u001b[36m<div\u001b[39m\n                \u001b[33mclass\u001b[39m=\u001b[32m\"shrink-0\"\u001b[39m\n              \u001b[36m>\u001b[39m\n                \u001b[36m<span\u001b[39m\n                  \u001b[33mclass\u001b[39m=\u001b[32m\"inline-flex rounded-full px-2.5 py-1 text-xs font-semibold bg-emerald-100 text-emerald-700\"\u001b[39m\n                \u001b[36m>\u001b[39m\n                  \u001b[0mConfermata\u001b[0m\n                \u001b[36m</span>\u001b[39m\n              \u001b[36m</div>\u001b[39m\n            \u001b[36m</div>\u001b[39m\n            \u001b[36m<div\u001b[39m\n              \u001b[33mclass\u001b[39m=\u001b[32m\"mt-5\"\u001b[39m\n            \u001b[36m>\u001b[39m\n              \u001b[36m<div\u001b[39m\n                \u001b[33mclass\u001b[39m=\u001b[32m\"grid gap-4 sm:grid-cols-2\"\u001b[39m\n              \u001b[36m>\u001b[39m\n                \u001b[36m<div\u001b[39m\n                  \u001b[33mclass\u001b[39m=\u001b[32m\"surface-muted\"\u001b[39m\n                \u001b[36m>\u001b[39m\n                  \u001b[36m<p\u001b[39m\n                    \u001b[33mclass\u001b[39m=\u001b[32m\"text-xs font-semibold uppercase tracking-[0.18em] text-slate-500\"\u001b[39m\n                  \u001b[36m>\u001b[39m\n                    \u001b[0mRiferimento\u001b[0m\n                  \u001b[36m</p>\u001b[39m\n                  \u001b[36m<p\u001b[39m\n                    \u001b[33mclass\u001b[39m=\u001b[32m\"mt-2 text-sm font-medium text-slate-900\"\u001b[39m\n                  \u001b[36m>\u001b[39m\n                    \u001b[0mPB-BOOK-001\u001b[0m\n                  \u001b[36m</p>\u001b[39m\n                \u001b[36m</div>\u001b[39m\n                \u001b[36m<div\u001b[39m\n                  \u001b[33mclass\u001b[39m=\u001b[32m\"surface-muted\"\u001b[39m\n                \u001b[36m>\u001b[39m\n                  \u001b[36m<p\u001b[39m\n                    \u001b[33mclass\u001b[39m=\u001b[32m\"text-xs font-semibold uppercase tracking-[0.18em] text-slate-500\"\u001b[39m\n                  \u001b[36m>\u001b[39m\n                    \u001b[0mDurata\u001b[0m\n                  \u001b[36m</p>\u001b[39m\n                  \u001b[36m<p\u001b[39m\n                    \u001b[33mclass\u001b[39m=\u001b[32m\"mt-2 text-sm font-medium text-slate-900\"\u001b[39m\n                  \u001b[36m>\u001b[39m\n                    \u001b[0m90 minuti\u001b[0m\n                  \u001b[36m</p>\u001b[39m\n                \u001b[36m</div>\u001b[39m\n                \u001b[36m<div\u001b[39m\n                  \u001b[33mclass\u001b[39m=\u001b[32m\"surface-muted\"\u001b[39m\n                \u001b[36m>\u001b[39m\n                  \u001b[36m<p\u001b[39m\n                    \u001b[33mclass\u001b[39m=\u001b[32m\"text-xs font-semibold uppercase tracking-[0.18em] text-slate-500\"\u001b[39m\n                  \u001b[36m>\u001b[39m\n                    \u001b[0mInizio\u001b[0m\n                  \u001b[36m</p>\u001b[39m\n                  \u001b[36m<p\u001b[39m\n                    \u001b[33mclass\u001b[39m=\u001b[32m\"mt-2 text-sm font-medium text-slate-900\"\u001b[39m\n                  \u001b[36m>\u001b[39m\n                    \u001b[0m16/04/2099, 16:00\u001b[0m\n                  \u001b[36m</p>\u001b[39m\n                \u001b[36m</div>\u001b[39m\n                \u001b[36m<div\u001b[39m\n                  \u001b[33mclass\u001b[39m=\u001b[32m\"surface-muted\"\u001b[39m\n                \u001b[36m>\u001b[39m\n                  \u001b[36m<p\u001b[39m\n                    \u001b[33mclass\u001b[39m=\u001b[32m\"text-xs font-semibold uppercase tracking-[0.18em] text-slate-500\"\u001b[39m\n                  \u001b[36m>\u001b[39m\n                    \u001b[0mFine\u001b[0m\n                  \u001b[36m</p>\u001b[39m\n                  \u001b[36m<p\u001b[39m\n                    \u001b[33mclass\u001b[39m=\u001b[32m\"mt-2 text-sm font-medium text-slate-900\"\u001b[39m\n                  \u001b[36m>\u001b[39m\n                    \u001b[0m16/04/2099, 17:30\u001b[0m\n                  \u001b[36m</p>\u001b[39m\n                \u001b[36m</div>\u001b[39m\n                \u001b[36m<div\u001b[39m\n                  \u001b[33mclass\u001b[39m=\u001b[32m\"surface-muted\"\u001b[39m\n                \u001b[36m>\u001b[39m\n                  \u001b[36m<p\u001b[39m\n                    \u001b[33mclass\u001b[39m=\u001b[32m\"text-xs font-semibold uppercase tracking-[0.18em] text-slate-500\"\u001b[39m\n                  \u001b[36m>\u001b[39m\n                    \u001b[0mCaparra\u001b[0m\n                  \u001b[36m</p>\u001b[39m\n                  \u001b[36m<p\u001b[39m\n                    \u001b[33mclass\u001b[39m=\u001b[32m\"mt-2 text-sm font-medium text-slate-900\"\u001b[39m\n                  \u001b[36m>\u001b[39m\n                    \u001b[0m20 €\u001b[0m\n                  \u001b[36m</p>\u001b[39m\n                \u001b[36m</div>\u001b[39m\n                \u001b[36m<div\u001b[39m\n                  \u001b[33mclass\u001b[39m=\u001b[32m\"surface-muted\"\u001b[39m\n                \u001b[36m>\u001b[39m\n                  \u001b[36m<p\u001b[39m\n                    \u001b[33mclass\u001b[39m=\u001b[32m\"text-xs font-semibold uppercase tracking-[0.18em] text-slate-500\"\u001b[39m\n                  \u001b[36m>\u001b[39m\n                    \u001b[0mPagamento\u001b[0m\n                  \u001b[36m</p>\u001b[39m\n                  \u001b[36m<p\u001b[39m\n                    \u001b[33mclass\u001b[39m=\u001b[32m\"mt-2 text-sm font-medium text-slate-900\"\u001b[39m\n                  \u001b[36m>\u001b[39m\n                    \u001b[0mSTRIPE • PAID\u001b[0m\n                  \u001b[36m</p>\u001b[39m\n                \u001b[36m</div>\u001b[39m\n                \u001b[36m<div\u001b[39m\n                  \u001b[33mclass\u001b[39m=\u001b[32m\"surface-muted\"\u001b[39m\n                \u001b[36m>\u001b[39m\n                  \u001b[36m<p\u001b[39m\n                    \u001b[33mclass\u001b[39m=\u001b[32m\"text-xs font-semibold uppercase tracking-[0.18em] text-slate...\n    at Proxy.waitForWrapper (/workspaces/PadelBooking/frontend/node_modules/@testing-library/dom/dist/wait-for.js:163:27)\n    at /workspaces/PadelBooking/frontend/src/pages/AdminBookingDetailPage.test.tsx:132:11\n    at file:///workspaces/PadelBooking/frontend/node_modules/@vitest/runner/dist/chunk-hooks.js:752:20"],"meta":{}},{"ancestorTitles":["AdminBookingDetailPage"],"fullName":"AdminBookingDetailPage shows the restore button only when the booking status is restorable","status":"passed","title":"shows the restore button only when the booking status is restorable","duration":26.267894999999953,"failureMessages":[],"meta":{}},{"ancestorTitles":["AdminBookingDetailPage"],"fullName":"AdminBookingDetailPage saves an admin booking update and shows coherent feedback","status":"passed","title":"saves an admin booking update and shows coherent feedback","duration":82.00173599999926,"failureMessages":[],"meta":{}},{"ancestorTitles":["AdminBookingDetailPage"],"fullName":"AdminBookingDetailPage shows backend errors when an admin booking update fails","status":"passed","title":"shows backend errors when an admin booking update fails","duration":52.795726000000286,"failureMessages":[],"meta":{}},{"ancestorTitles":["AdminBookingDetailPage"],"fullName":"AdminBookingDetailPage preserves the selected fallback slot_id when the local start time is ambiguous","status":"passed","title":"preserves the selected fallback slot_id when the local start time is ambiguous","duration":93.55605400000059,"failureMessages":[],"meta":{}},{"ancestorTitles":["AdminBookingDetailPage"],"fullName":"AdminBookingDetailPage disables slot editing for confirmed bookings already in the past","status":"passed","title":"disables slot editing for confirmed bookings already in the past","duration":21.67156299999988,"failureMessages":[],"meta":{}}],"startTime":1776415476070,"endTime":1776415478750.6716,"status":"failed","message":"","name":"/workspaces/PadelBooking/frontend/src/pages/AdminBookingDetailPage.test.tsx"},{"assertionResults":[{"ancestorTitles":["AdminDashboardPage bootstrap"],"fullName":"AdminDashboardPage bootstrap shows feedback without redirecting when a non-auth dashboard request fails","status":"passed","title":"shows feedback without redirecting when a non-auth dashboard request fails","duration":130.51507600000014,"failureMessages":[],"meta":{}},{"ancestorTitles":["AdminDashboardPage bootstrap"],"fullName":"AdminDashboardPage bootstrap redirects to login when session validation returns 401","status":"passed","title":"redirects to login when session validation returns 401","duration":54.04721100000006,"failureMessages":[],"meta":{}},{"ancestorTitles":["AdminDashboardPage bootstrap"],"fullName":"AdminDashboardPage bootstrap closes loading and shows feedback when session validation fails without 401","status":"passed","title":"closes loading and shows feedback when session validation fails without 401","duration":71.88056600000004,"failureMessages":[],"meta":{}},{"ancestorTitles":["AdminDashboardPage bootstrap"],"fullName":"AdminDashboardPage bootstrap shows feedback when a manual refresh fails","status":"passed","title":"shows feedback when a manual refresh fails","duration":141.300612,"failureMessages":[],"meta":{}},{"ancestorTitles":["AdminDashboardPage bootstrap"],"fullName":"AdminDashboardPage bootstrap shows feedback when filter application fails","status":"passed","title":"shows feedback when filter application fails","duration":74.85242400000016,"failureMessages":[],"meta":{}},{"ancestorTitles":["AdminDashboardPage bootstrap"],"fullName":"AdminDashboardPage bootstrap submits the selected fallback slot_id for ambiguous manual bookings","status":"passed","title":"submits the selected fallback slot_id for ambiguous manual bookings","duration":131.80490599999985,"failureMessages":[],"meta":{}}],"startTime":1776415485250,"endTime":1776415485854.805,"status":"passed","message":"","name":"/workspaces/PadelBooking/frontend/src/pages/AdminDashboardPage.test.tsx"},{"assertionResults":[{"ancestorTitles":["AdminLoginPage"],"fullName":"AdminLoginPage starts with empty credentials and no prefilled defaults","status":"passed","title":"starts with empty credentials and no prefilled defaults","duration":45.23279200000002,"failureMessages":[],"meta":{}},{"ancestorTitles":["AdminLoginPage"],"fullName":"AdminLoginPage redirects to the dashboard when login succeeds","status":"passed","title":"redirects to the dashboard when login succeeds","duration":235.41509099999996,"failureMessages":[],"meta":{}},{"ancestorTitles":["AdminLoginPage"],"fullName":"AdminLoginPage shows the backend error detail on login failure","status":"passed","title":"shows the backend error detail on login failure","duration":192.73763099999996,"failureMessages":[],"meta":{}},{"ancestorTitles":["AdminLoginPage"],"fullName":"AdminLoginPage shows loading state, disables the button and avoids double submit while the request is pending","status":"passed","title":"shows loading state, disables the button and avoids double submit while the request is pending","duration":161.86465399999997,"failureMessages":[],"meta":{}}],"startTime":1776415486823,"endTime":1776415487457.8647,"status":"passed","message":"","name":"/workspaces/PadelBooking/frontend/src/pages/AdminLoginPage.test.tsx"},{"assertionResults":[{"ancestorTitles":["PaymentStatusPage"],"fullName":"PaymentStatusPage keeps the success message when the booking is confirmed","status":"passed","title":"keeps the success message when the booking is confirmed","duration":66.078349,"failureMessages":[],"meta":{}},{"ancestorTitles":["PaymentStatusPage"],"fullName":"PaymentStatusPage shows a warning instead of a success message when the booking expires after checkout","status":"passed","title":"shows a warning instead of a success message when the booking expires after checkout","duration":11.941718999999921,"failureMessages":[],"meta":{}},{"ancestorTitles":["PaymentStatusPage"],"fullName":"PaymentStatusPage shows a verification error instead of a success message when status lookup fails","status":"passed","title":"shows a verification error instead of a success message when status lookup fails","duration":10.13138099999992,"failureMessages":[],"meta":{}},{"ancestorTitles":["PaymentStatusPage"],"fullName":"PaymentStatusPage stops polling after a terminal confirmed status","status":"passed","title":"stops polling after a terminal confirmed status","duration":10.909155000000055,"failureMessages":[],"meta":{}},{"ancestorTitles":["PaymentStatusPage"],"fullName":"PaymentStatusPage shows the confirmed outcome on the cancelled page when the booking is already paid","status":"passed","title":"shows the confirmed outcome on the cancelled page when the booking is already paid","duration":14.41801200000009,"failureMessages":[],"meta":{}},{"ancestorTitles":["PaymentStatusPage"],"fullName":"PaymentStatusPage shows the expired outcome on the cancelled page when the booking has already expired","status":"passed","title":"shows the expired outcome on the cancelled page when the booking has already expired","duration":21.12190499999997,"failureMessages":[],"meta":{}},{"ancestorTitles":["PaymentStatusPage"],"fullName":"PaymentStatusPage shows the self-service cancellation CTA when a cancel token is available","status":"passed","title":"shows the self-service cancellation CTA when a cancel token is available","duration":54.51171199999999,"failureMessages":[],"meta":{}}],"startTime":1776415489839,"endTime":1776415490028.5117,"status":"passed","message":"","name":"/workspaces/PadelBooking/frontend/src/pages/PaymentStatusPage.test.tsx"},{"assertionResults":[{"ancestorTitles":["PublicBookingPage"],"fullName":"PublicBookingPage loads public config and availability, then completes checkout with Stripe when it is the only provider","status":"passed","title":"loads public config and availability, then completes checkout with Stripe when it is the only provider","duration":614.168854,"failureMessages":[],"meta":{}},{"ancestorTitles":["PublicBookingPage"],"fullName":"PublicBookingPage falls back to PayPal when Stripe is not available and uses that provider for booking creation","status":"passed","title":"falls back to PayPal when Stripe is not available and uses that provider for booking creation","duration":438.0198220000002,"failureMessages":[],"meta":{}},{"ancestorTitles":["PublicBookingPage"],"fullName":"PublicBookingPage keeps ambiguous fallback slots distinct via slot_id while preserving the same local start_time","status":"passed","title":"keeps ambiguous fallback slots distinct via slot_id while preserving the same local start_time","duration":379.70224099999996,"failureMessages":[],"meta":{}},{"ancestorTitles":["PublicBookingPage"],"fullName":"PublicBookingPage shows a clear validation message when the user submits without selecting a slot","status":"passed","title":"shows a clear validation message when the user submits without selecting a slot","duration":300.666158,"failureMessages":[],"meta":{}},{"ancestorTitles":["PublicBookingPage"],"fullName":"PublicBookingPage surfaces backend detail messages when booking creation fails","status":"passed","title":"surfaces backend detail messages when booking creation fails","duration":326.29992300000004,"failureMessages":[],"meta":{}},{"ancestorTitles":["PublicBookingPage"],"fullName":"PublicBookingPage shows the unavailable payments state and keeps the checkout CTA disabled when no provider is active","status":"passed","title":"shows the unavailable payments state and keeps the checkout CTA disabled when no provider is active","duration":73.08374400000002,"failureMessages":[],"meta":{}},{"ancestorTitles":["PublicBookingPage"],"fullName":"PublicBookingPage blocks form submission even when triggered programmatically with no active payment provider","status":"passed","title":"blocks form submission even when triggered programmatically with no active payment provider","duration":1040.6838540000003,"failureMessages":[],"meta":{}}],"startTime":1776415480394,"endTime":1776415483566.6838,"status":"passed","message":"","name":"/workspaces/PadelBooking/frontend/src/pages/PublicBookingPage.test.tsx"},{"assertionResults":[{"ancestorTitles":["PublicCancellationPage"],"fullName":"PublicCancellationPage completes the public cancellation flow and shows the refund result","status":"passed","title":"completes the public cancellation flow and shows the refund result","duration":205.71290799999997,"failureMessages":[],"meta":{}},{"ancestorTitles":["PublicCancellationPage"],"fullName":"PublicCancellationPage shows a clear no-refund warning for late cancellations","status":"passed","title":"shows a clear no-refund warning for late cancellations","duration":77.61195500000008,"failureMessages":[],"meta":{}},{"ancestorTitles":["PublicCancellationPage"],"fullName":"PublicCancellationPage shows a readable error when the cancellation token is invalid","status":"passed","title":"shows a readable error when the cancellation token is invalid","duration":8.371790000000146,"failureMessages":[],"meta":{}},{"ancestorTitles":["PublicCancellationPage"],"fullName":"PublicCancellationPage keeps the cancellation state visible when the refund fails after the booking is cancelled","status":"passed","title":"keeps the cancellation state visible when the refund fails after the booking is cancelled","duration":31.353924000000006,"failureMessages":[],"meta":{}}],"startTime":1776415488510,"endTime":1776415488833.354,"status":"passed","message":"","name":"/workspaces/PadelBooking/frontend/src/pages/PublicCancellationPage.test.tsx"},{"assertionResults":[{"ancestorTitles":["admin booking action guards"],"fullName":"admin booking action guards blocks temporal actions before the slot progresses","status":"passed","title":"blocks temporal actions before the slot progresses","duration":1.887882999999988,"failureMessages":[],"meta":{}},{"ancestorTitles":["admin booking action guards"],"fullName":"admin booking action guards allows temporal actions once the slot has started or ended","status":"passed","title":"allows temporal actions once the slot has started or ended","duration":0.37725700000009965,"failureMessages":[],"meta":{}}],"startTime":1776415491456,"endTime":1776415491458.3772,"status":"passed","message":"","name":"/workspaces/PadelBooking/frontend/src/utils/adminBookingActions.test.ts"},{"assertionResults":[{"ancestorTitles":["format utilities"],"fullName":"format utilities formats euro amounts for Italian locale","status":"passed","title":"formats euro amounts for Italian locale","duration":13.824585999999954,"failureMessages":[],"meta":{}},{"ancestorTitles":["format utilities"],"fullName":"format utilities builds an input-friendly date string","status":"passed","title":"builds an input-friendly date string","duration":0.23578199999997196,"failureMessages":[],"meta":{}}],"startTime":1776415490706,"endTime":1776415490720.2358,"status":"passed","message":"","name":"/workspaces/PadelBooking/frontend/src/utils/format.test.ts"}]}